mode: set
github.com/iomz/go-llrp/cmd/randomalphabet/main.go:11.34,12.19 1 1
github.com/iomz/go-llrp/cmd/randomalphabet/main.go:12.19,13.28 1 0
github.com/iomz/go-llrp/cmd/randomalphabet/main.go:15.2,16.16 2 1
github.com/iomz/go-llrp/cmd/randomalphabet/main.go:16.16,17.13 1 0
github.com/iomz/go-llrp/cmd/randomalphabet/main.go:19.2,19.10 1 1
github.com/iomz/go-llrp/cmd/randomalphabet/main.go:22.46,24.2 1 1
github.com/iomz/go-llrp/cmd/randomalphabet/main.go:26.13,28.2 1 0
github.com/iomz/go-llrp/binutil/binutil.go:27.50,30.19 3 0
github.com/iomz/go-llrp/binutil/binutil.go:30.19,32.3 1 0
github.com/iomz/go-llrp/binutil/binutil.go:33.2,33.18 1 0
github.com/iomz/go-llrp/binutil/binutil.go:37.54,40.19 3 0
github.com/iomz/go-llrp/binutil/binutil.go:40.19,42.3 1 0
github.com/iomz/go-llrp/binutil/binutil.go:43.2,43.18 1 0
github.com/iomz/go-llrp/binutil/binutil.go:47.47,50.19 3 0
github.com/iomz/go-llrp/binutil/binutil.go:50.19,52.3 1 0
github.com/iomz/go-llrp/binutil/binutil.go:53.2,53.18 1 0
github.com/iomz/go-llrp/binutil/binutil.go:57.45,60.19 3 1
github.com/iomz/go-llrp/binutil/binutil.go:60.19,62.3 1 1
github.com/iomz/go-llrp/binutil/binutil.go:63.2,63.18 1 1
github.com/iomz/go-llrp/binutil/binutil.go:68.72,73.25 4 1
github.com/iomz/go-llrp/binutil/binutil.go:73.25,75.71 2 1
github.com/iomz/go-llrp/binutil/binutil.go:75.71,77.4 1 1
github.com/iomz/go-llrp/binutil/binutil.go:77.9,77.31 1 1
github.com/iomz/go-llrp/binutil/binutil.go:77.31,79.4 1 1
github.com/iomz/go-llrp/binutil/binutil.go:79.9,81.4 1 1
github.com/iomz/go-llrp/binutil/binutil.go:82.3,83.15 2 1
github.com/iomz/go-llrp/binutil/binutil.go:83.15,85.4 1 1
github.com/iomz/go-llrp/binutil/binutil.go:88.2,88.33 1 1
github.com/iomz/go-llrp/binutil/binutil.go:88.33,90.3 1 0
github.com/iomz/go-llrp/binutil/binutil.go:92.2,92.20 1 1
github.com/iomz/go-llrp/binutil/binutil.go:96.56,99.25 2 1
github.com/iomz/go-llrp/binutil/binutil.go:99.25,101.3 1 1
github.com/iomz/go-llrp/binutil/binutil.go:103.2,103.15 1 1
github.com/iomz/go-llrp/binutil/binutil.go:107.42,110.2 2 1
github.com/iomz/go-llrp/binutil/binutil.go:113.38,115.25 2 0
github.com/iomz/go-llrp/binutil/binutil.go:115.25,117.3 1 0
github.com/iomz/go-llrp/binutil/binutil.go:118.2,118.20 1 0
github.com/iomz/go-llrp/binutil/binutil.go:122.55,123.17 1 1
github.com/iomz/go-llrp/binutil/binutil.go:123.17,125.3 1 0
github.com/iomz/go-llrp/binutil/binutil.go:126.2,127.16 2 1
github.com/iomz/go-llrp/binutil/binutil.go:127.16,129.3 1 0
github.com/iomz/go-llrp/binutil/binutil.go:130.2,130.19 1 1
github.com/iomz/go-llrp/binutil/binutil.go:130.19,132.3 1 1
github.com/iomz/go-llrp/binutil/binutil.go:133.2,133.21 1 1
github.com/iomz/go-llrp/binutil/binutil.go:138.64,139.20 1 1
github.com/iomz/go-llrp/binutil/binutil.go:139.20,142.3 2 1
github.com/iomz/go-llrp/binutil/binutil.go:142.8,142.24 1 1
github.com/iomz/go-llrp/binutil/binutil.go:142.24,144.3 1 1
github.com/iomz/go-llrp/binutil/binutil.go:146.2,149.30 3 1
github.com/iomz/go-llrp/binutil/binutil.go:149.30,151.26 2 1
github.com/iomz/go-llrp/binutil/binutil.go:151.26,152.26 1 1
github.com/iomz/go-llrp/binutil/binutil.go:152.26,154.5 1 1
github.com/iomz/go-llrp/binutil/binutil.go:156.3,156.21 1 1
github.com/iomz/go-llrp/binutil/binutil.go:159.2,159.19 1 1
github.com/iomz/go-llrp/binutil/binutil.go:163.44,165.16 2 1
github.com/iomz/go-llrp/binutil/binutil.go:165.16,166.13 1 0
github.com/iomz/go-llrp/binutil/binutil.go:168.2,168.15 1 1
github.com/iomz/go-llrp/binutil/binutil.go:172.63,174.51 2 1
github.com/iomz/go-llrp/binutil/binutil.go:174.51,176.3 1 0
github.com/iomz/go-llrp/binutil/binutil.go:178.2,179.33 2 1
github.com/iomz/go-llrp/binutil/binutil.go:179.33,181.17 2 1
github.com/iomz/go-llrp/binutil/binutil.go:181.17,183.4 1 0
github.com/iomz/go-llrp/binutil/binutil.go:184.3,184.13 1 1
github.com/iomz/go-llrp/binutil/binutil.go:184.13,186.4 1 1
github.com/iomz/go-llrp/binutil/binutil.go:186.9,188.4 1 1
github.com/iomz/go-llrp/binutil/binutil.go:190.2,190.16 1 1
github.com/iomz/go-llrp/binutil/binutil.go:194.58,196.51 2 0
github.com/iomz/go-llrp/binutil/binutil.go:196.51,198.3 1 0
github.com/iomz/go-llrp/binutil/binutil.go:200.2,201.33 2 0
github.com/iomz/go-llrp/binutil/binutil.go:201.33,204.3 2 0
github.com/iomz/go-llrp/binutil/binutil.go:205.2,205.16 1 0
github.com/iomz/go-llrp/binutil/binutil.go:209.51,211.24 2 0
github.com/iomz/go-llrp/binutil/binutil.go:211.24,213.3 1 0
github.com/iomz/go-llrp/binutil/binutil.go:214.2,214.11 1 0
github.com/iomz/go-llrp/binutil/binutil.go:218.56,221.2 2 1
github.com/iomz/go-llrp/binutil/binutil.go:224.58,226.34 2 1
github.com/iomz/go-llrp/binutil/binutil.go:226.34,228.3 1 1
github.com/iomz/go-llrp/binutil/binutil.go:230.2,231.22 2 1
github.com/iomz/go-llrp/binutil/binutil.go:231.22,234.3 2 1
github.com/iomz/go-llrp/binutil/binutil.go:235.2,235.16 1 1
github.com/iomz/go-llrp/binutil/binutil.go:239.63,241.34 2 1
github.com/iomz/go-llrp/binutil/binutil.go:241.34,243.3 1 0
github.com/iomz/go-llrp/binutil/binutil.go:245.2,246.33 2 1
github.com/iomz/go-llrp/binutil/binutil.go:246.33,248.17 2 1
github.com/iomz/go-llrp/binutil/binutil.go:248.17,250.4 1 0
github.com/iomz/go-llrp/binutil/binutil.go:251.3,251.13 1 1
github.com/iomz/go-llrp/binutil/binutil.go:251.13,253.4 1 1
github.com/iomz/go-llrp/binutil/binutil.go:253.9,255.4 1 1
github.com/iomz/go-llrp/binutil/binutil.go:257.2,257.16 1 1
github.com/iomz/go-llrp/binutil/binutil.go:261.53,263.30 2 0
github.com/iomz/go-llrp/binutil/binutil.go:263.30,265.3 1 0
github.com/iomz/go-llrp/binutil/binutil.go:266.2,266.11 1 0
github.com/iomz/go-llrp/binutil/binutil.go:270.46,271.13 1 1
github.com/iomz/go-llrp/binutil/binutil.go:271.13,273.3 1 1
github.com/iomz/go-llrp/binutil/binutil.go:274.2,275.26 2 1
github.com/iomz/go-llrp/binutil/binutil.go:279.50,281.16 2 0
github.com/iomz/go-llrp/binutil/binutil.go:281.16,284.3 2 0
github.com/iomz/go-llrp/binutil/binutil.go:285.2,286.12 2 0
github.com/iomz/go-llrp/binutil/binutil.go:290.50,292.16 2 0
github.com/iomz/go-llrp/binutil/binutil.go:292.16,295.3 2 0
github.com/iomz/go-llrp/binutil/binutil.go:296.2,297.12 2 0
github.com/iomz/go-llrp/binutil/binutil.go:301.53,305.2 3 0
github.com/iomz/go-llrp/cmd/sixenc2bin/main.go:10.39,12.35 2 1
github.com/iomz/go-llrp/cmd/sixenc2bin/main.go:12.35,15.3 2 1
github.com/iomz/go-llrp/cmd/sixenc2bin/main.go:16.2,16.11 1 1
github.com/iomz/go-llrp/cmd/sixenc2bin/main.go:19.13,20.22 1 0
github.com/iomz/go-llrp/cmd/sixenc2bin/main.go:20.22,22.3 1 0
github.com/iomz/go-llrp/cmd/sixenc2bin/main.go:23.2,23.52 1 0
github.com/iomz/go-llrp/cmd/randomdigit/main.go:11.34,12.19 1 1
github.com/iomz/go-llrp/cmd/randomdigit/main.go:12.19,13.28 1 0
github.com/iomz/go-llrp/cmd/randomdigit/main.go:15.2,16.16 2 1
github.com/iomz/go-llrp/cmd/randomdigit/main.go:16.16,17.13 1 0
github.com/iomz/go-llrp/cmd/randomdigit/main.go:19.2,19.10 1 1
github.com/iomz/go-llrp/cmd/randomdigit/main.go:22.43,24.2 1 1
github.com/iomz/go-llrp/cmd/randomdigit/main.go:26.13,28.2 1 0
github.com/iomz/go-llrp/cmd/randomhex/main.go:11.34,12.19 1 1
github.com/iomz/go-llrp/cmd/randomhex/main.go:12.19,13.28 1 0
github.com/iomz/go-llrp/cmd/randomhex/main.go:15.2,16.16 2 1
github.com/iomz/go-llrp/cmd/randomhex/main.go:16.16,17.13 1 0
github.com/iomz/go-llrp/cmd/randomhex/main.go:19.2,19.10 1 1
github.com/iomz/go-llrp/cmd/randomhex/main.go:22.41,24.2 1 1
github.com/iomz/go-llrp/cmd/randomhex/main.go:26.13,28.2 1 0
github.com/iomz/go-llrp/llrp.go:40.38,42.25 2 1
github.com/iomz/go-llrp/llrp.go:42.25,44.17 2 1
github.com/iomz/go-llrp/llrp.go:44.17,45.14 1 0
github.com/iomz/go-llrp/llrp.go:48.2,48.20 1 1
github.com/iomz/go-llrp/llrp.go:58.64,63.43 2 1
github.com/iomz/go-llrp/llrp.go:63.43,66.24 2 1
github.com/iomz/go-llrp/llrp.go:67.20,68.15 1 1
github.com/iomz/go-llrp/llrp.go:69.11,71.12 2 0
github.com/iomz/go-llrp/llrp.go:76.3,77.30 2 1
github.com/iomz/go-llrp/llrp.go:77.30,80.31 3 1
github.com/iomz/go-llrp/llrp.go:80.31,83.5 2 1
github.com/iomz/go-llrp/llrp.go:84.9,84.71 1 1
github.com/iomz/go-llrp/llrp.go:84.71,89.31 4 1
github.com/iomz/go-llrp/llrp.go:89.31,92.5 2 1
github.com/iomz/go-llrp/llrp.go:95.3,95.40 1 1
github.com/iomz/go-llrp/llrp.go:97.2,97.12 1 1
github.com/iomz/go-llrp/message.go:4.41,11.2 2 1
github.com/iomz/go-llrp/message.go:14.44,21.2 2 1
github.com/iomz/go-llrp/message.go:24.75,35.2 4 1
github.com/iomz/go-llrp/message.go:38.47,50.2 4 1
github.com/iomz/go-llrp/message.go:53.55,64.2 4 1
github.com/iomz/go-llrp/message.go:67.51,76.2 3 0
github.com/iomz/go-llrp/message.go:79.59,101.2 8 0
github.com/iomz/go-llrp/message.go:104.55,124.2 5 0
github.com/iomz/go-llrp/message.go:127.56,136.2 3 0
github.com/iomz/go-llrp/message.go:139.52,148.2 3 0
github.com/iomz/go-llrp/message.go:151.49,160.2 3 0
github.com/iomz/go-llrp/message.go:163.52,172.2 3 0
github.com/iomz/go-llrp/message.go:175.65,177.38 2 0
github.com/iomz/go-llrp/message.go:177.38,180.3 2 0
github.com/iomz/go-llrp/message.go:181.2,181.13 1 0
github.com/iomz/go-llrp/message.go:185.48,193.2 2 0
github.com/iomz/go-llrp/message.go:196.32,204.2 2 0
github.com/iomz/go-llrp/message.go:207.58,209.38 2 0
github.com/iomz/go-llrp/message.go:209.38,212.3 2 0
github.com/iomz/go-llrp/message.go:213.2,213.13 1 0
github.com/iomz/go-llrp/message.go:217.39,226.2 2 0
github.com/iomz/go-llrp/message.go:228.49,239.2 3 0
github.com/iomz/go-llrp/parameter.go:6.31,12.2 2 1
github.com/iomz/go-llrp/parameter.go:15.51,25.2 2 1
github.com/iomz/go-llrp/parameter.go:28.38,35.2 2 1
github.com/iomz/go-llrp/parameter.go:38.70,40.25 2 1
github.com/iomz/go-llrp/parameter.go:40.25,45.3 1 1
github.com/iomz/go-llrp/parameter.go:45.8,52.3 1 1
github.com/iomz/go-llrp/parameter.go:53.2,53.19 1 1
github.com/iomz/go-llrp/parameter.go:57.28,63.2 2 0
github.com/iomz/go-llrp/parameter.go:66.36,72.2 2 0
github.com/iomz/go-llrp/parameter.go:74.28,76.2 1 0
github.com/iomz/go-llrp/parameter.go:79.28,85.2 2 0
github.com/iomz/go-llrp/parameter.go:88.29,96.2 2 1
github.com/iomz/go-llrp/parameter.go:99.22,107.2 2 1
github.com/iomz/go-llrp/parameter.go:110.24,116.2 2 1
github.com/iomz/go-llrp/parameter.go:119.61,131.2 5 1
github.com/iomz/go-llrp/parameter.go:149.46,156.2 2 1
github.com/iomz/go-llrp/parameter.go:159.41,185.2 5 0
github.com/iomz/go-llrp/parameter.go:188.32,202.2 2 0
github.com/iomz/go-llrp/parameter.go:205.32,214.2 2 0
github.com/iomz/go-llrp/parameter.go:217.36,225.2 2 0
github.com/iomz/go-llrp/parameter.go:228.53,239.2 2 0
github.com/iomz/go-llrp/parameter.go:242.42,251.2 2 0
github.com/iomz/go-llrp/parameter.go:253.45,265.2 7 0
github.com/iomz/go-llrp/parameter.go:267.26,275.2 3 0
github.com/iomz/go-llrp/parameter.go:277.29,287.2 3 0
github.com/iomz/go-llrp/parameter.go:289.36,301.2 6 0
github.com/iomz/go-llrp/parameter.go:303.29,312.2 3 0
github.com/iomz/go-llrp/parameter.go:314.38,324.2 3 0
github.com/iomz/go-llrp/parameter.go:327.48,336.40 5 0
github.com/iomz/go-llrp/parameter.go:336.40,338.3 1 0
github.com/iomz/go-llrp/parameter.go:339.2,341.10 3 0
github.com/iomz/go-llrp/parameter.go:345.67,353.2 2 0
github.com/iomz/go-llrp/parameter.go:356.36,366.2 5 0
github.com/iomz/go-llrp/parameter.go:369.33,380.33 5 0
github.com/iomz/go-llrp/parameter.go:380.33,382.3 1 0
github.com/iomz/go-llrp/parameter.go:383.2,383.10 1 0
github.com/iomz/go-llrp/parameter.go:386.38,391.2 2 0
github.com/iomz/go-llrp/parameter.go:394.34,413.2 14 0
github.com/iomz/go-llrp/parameter.go:416.47,432.2 2 0
github.com/iomz/go-llrp/ro_access_report.go:19.55,22.16 2 0
github.com/iomz/go-llrp/ro_access_report.go:22.16,24.3 1 0
github.com/iomz/go-llrp/ro_access_report.go:25.2,25.12 1 0
github.com/iomz/go-llrp/ro_access_report.go:29.80,39.2 4 1
github.com/iomz/go-llrp/tag.go:23.55,29.2 5 0
github.com/iomz/go-llrp/tag.go:32.58,34.47 2 1
github.com/iomz/go-llrp/tag.go:34.47,36.3 1 0
github.com/iomz/go-llrp/tag.go:37.2,37.44 1 1
github.com/iomz/go-llrp/tag.go:37.44,39.3 1 0
github.com/iomz/go-llrp/tag.go:40.2,40.8 1 1
github.com/iomz/go-llrp/tag.go:45.39,46.61 1 0
github.com/iomz/go-llrp/tag.go:46.61,48.3 1 0
github.com/iomz/go-llrp/tag.go:49.2,49.14 1 0
github.com/iomz/go-llrp/tag.go:54.43,55.34 1 0
github.com/iomz/go-llrp/tag.go:55.34,57.3 1 0
github.com/iomz/go-llrp/tag.go:58.2,58.14 1 0
github.com/iomz/go-llrp/tag.go:62.49,65.16 2 1
github.com/iomz/go-llrp/tag.go:65.16,67.3 1 0
github.com/iomz/go-llrp/tag.go:68.2,72.16 3 1
github.com/iomz/go-llrp/tag.go:72.16,74.3 1 0
github.com/iomz/go-llrp/tag.go:76.2,76.27 1 1
github.com/iomz/go-llrp/tag.go:79.43,82.2 2 1
github.com/iomz/go-llrp/tag_record.go:19.39,24.2 1 0
github.com/iomz/go-llrp/tag_report_data.go:17.45,49.2 6 1
github.com/iomz/go-llrp/tag_report_data_stack.go:12.54,14.27 2 0
github.com/iomz/go-llrp/tag_report_data_stack.go:14.27,16.3 1 0
github.com/iomz/go-llrp/tag_report_data_stack.go:17.2,17.12 1 0
github.com/iomz/go-llrp/tags.go:20.70,27.27 5 1
github.com/iomz/go-llrp/tags.go:27.27,32.74 2 1
github.com/iomz/go-llrp/tags.go:32.74,36.4 3 1
github.com/iomz/go-llrp/tags.go:36.9,37.22 1 1
github.com/iomz/go-llrp/tags.go:37.22,41.5 2 1
github.com/iomz/go-llrp/tags.go:41.10,45.5 2 1
github.com/iomz/go-llrp/tags.go:48.2,48.13 1 1
github.com/iomz/go-llrp/tags.go:52.41,54.27 2 0
github.com/iomz/go-llrp/tags.go:54.27,55.25 1 0
github.com/iomz/go-llrp/tags.go:55.25,57.4 1 0
github.com/iomz/go-llrp/tags.go:58.3,58.10 1 0
github.com/iomz/go-llrp/tags.go:60.2,60.11 1 0
github.com/iomz/go-llrp/tags.go:64.57,70.28 4 0
github.com/iomz/go-llrp/tags.go:70.28,73.3 1 0
github.com/iomz/go-llrp/tags.go:75.2,75.25 1 0
github.com/iomz/go-llrp/tags.go:79.60,84.45 3 1
github.com/iomz/go-llrp/tags.go:84.45,86.3 1 0
github.com/iomz/go-llrp/tags.go:88.2,88.32 1 1
github.com/iomz/go-llrp/tags.go:88.32,91.41 2 1
github.com/iomz/go-llrp/tags.go:91.41,93.4 1 0
github.com/iomz/go-llrp/tags.go:94.3,94.30 1 1
github.com/iomz/go-llrp/tags.go:97.2,97.8 1 1
github.com/iomz/go-llrp/tags.go:121.45,124.16 2 0
github.com/iomz/go-llrp/tags.go:124.16,125.13 1 0
github.com/iomz/go-llrp/tags.go:127.2,134.6 6 0
github.com/iomz/go-llrp/tags.go:134.6,136.20 2 0
github.com/iomz/go-llrp/tags.go:136.20,137.9 1 0
github.com/iomz/go-llrp/tags.go:138.9,138.24 1 0
github.com/iomz/go-llrp/tags.go:138.24,139.14 1 0
github.com/iomz/go-llrp/tags.go:141.3,141.23 1 0
github.com/iomz/go-llrp/tags.go:141.23,145.18 3 0
github.com/iomz/go-llrp/tags.go:145.18,146.13 1 0
github.com/iomz/go-llrp/tags.go:148.4,148.28 1 0
github.com/iomz/go-llrp/tags.go:152.2,152.13 1 0
github.com/iomz/go-llrp/cmd/uiigen/epc.go:78.79,79.14 1 1
github.com/iomz/go-llrp/cmd/uiigen/epc.go:79.14,81.34 2 1
github.com/iomz/go-llrp/cmd/uiigen/epc.go:81.34,84.4 2 1
github.com/iomz/go-llrp/cmd/uiigen/epc.go:85.8,87.3 1 1
github.com/iomz/go-llrp/cmd/uiigen/epc.go:88.2,88.8 1 1
github.com/iomz/go-llrp/cmd/uiigen/epc.go:92.76,93.14 1 1
github.com/iomz/go-llrp/cmd/uiigen/epc.go:93.14,95.47 2 1
github.com/iomz/go-llrp/cmd/uiigen/epc.go:95.47,98.4 2 1
github.com/iomz/go-llrp/cmd/uiigen/epc.go:100.2,100.8 1 1
github.com/iomz/go-llrp/cmd/uiigen/epc.go:104.78,105.13 1 1
github.com/iomz/go-llrp/cmd/uiigen/epc.go:105.13,107.33 2 1
github.com/iomz/go-llrp/cmd/uiigen/epc.go:107.33,110.4 2 1
github.com/iomz/go-llrp/cmd/uiigen/epc.go:111.8,113.3 1 1
github.com/iomz/go-llrp/cmd/uiigen/epc.go:114.2,114.8 1 1
github.com/iomz/go-llrp/cmd/uiigen/epc.go:118.43,119.14 1 1
github.com/iomz/go-llrp/cmd/uiigen/epc.go:119.14,122.3 2 1
github.com/iomz/go-llrp/cmd/uiigen/epc.go:122.8,124.3 1 1
github.com/iomz/go-llrp/cmd/uiigen/epc.go:125.2,125.8 1 1
github.com/iomz/go-llrp/cmd/uiigen/epc.go:129.110,130.15 1 1
github.com/iomz/go-llrp/cmd/uiigen/epc.go:130.15,132.50 2 1
github.com/iomz/go-llrp/cmd/uiigen/epc.go:132.50,135.4 2 1
github.com/iomz/go-llrp/cmd/uiigen/epc.go:136.8,138.3 1 1
github.com/iomz/go-llrp/cmd/uiigen/epc.go:139.2,139.8 1 1
github.com/iomz/go-llrp/cmd/uiigen/epc.go:143.87,144.14 1 1
github.com/iomz/go-llrp/cmd/uiigen/epc.go:144.14,147.38 2 1
github.com/iomz/go-llrp/cmd/uiigen/epc.go:147.38,150.4 2 1
github.com/iomz/go-llrp/cmd/uiigen/epc.go:151.8,153.3 1 1
github.com/iomz/go-llrp/cmd/uiigen/epc.go:154.2,154.8 1 1
github.com/iomz/go-llrp/cmd/uiigen/epc.go:158.60,159.13 1 1
github.com/iomz/go-llrp/cmd/uiigen/epc.go:159.13,161.33 2 1
github.com/iomz/go-llrp/cmd/uiigen/epc.go:161.33,164.4 2 1
github.com/iomz/go-llrp/cmd/uiigen/epc.go:165.8,167.3 1 1
github.com/iomz/go-llrp/cmd/uiigen/epc.go:168.2,168.15 1 1
github.com/iomz/go-llrp/cmd/uiigen/epc.go:172.92,174.14 2 1
github.com/iomz/go-llrp/cmd/uiigen/epc.go:174.14,176.3 1 0
github.com/iomz/go-llrp/cmd/uiigen/epc.go:179.2,179.14 1 1
github.com/iomz/go-llrp/cmd/uiigen/epc.go:179.14,180.9 1 1
github.com/iomz/go-llrp/cmd/uiigen/epc.go:180.9,182.4 1 1
github.com/iomz/go-llrp/cmd/uiigen/epc.go:183.3,183.64 1 0
github.com/iomz/go-llrp/cmd/uiigen/epc.go:185.2,189.15 3 1
github.com/iomz/go-llrp/cmd/uiigen/epc.go:189.15,190.9 1 1
github.com/iomz/go-llrp/cmd/uiigen/epc.go:190.9,192.4 1 1
github.com/iomz/go-llrp/cmd/uiigen/epc.go:194.2,197.8 2 1
github.com/iomz/go-llrp/cmd/uiigen/epc.go:197.8,199.3 1 1
github.com/iomz/go-llrp/cmd/uiigen/epc.go:201.2,205.19 4 1
github.com/iomz/go-llrp/cmd/uiigen/epc.go:205.19,207.3 1 0
github.com/iomz/go-llrp/cmd/uiigen/epc.go:209.2,210.16 2 1
github.com/iomz/go-llrp/cmd/uiigen/epc.go:210.16,212.3 1 0
github.com/iomz/go-llrp/cmd/uiigen/epc.go:214.2,229.42 2 1
github.com/iomz/go-llrp/cmd/uiigen/epc.go:233.103,237.14 2 1
github.com/iomz/go-llrp/cmd/uiigen/epc.go:237.14,238.9 1 1
github.com/iomz/go-llrp/cmd/uiigen/epc.go:238.9,240.4 1 1
github.com/iomz/go-llrp/cmd/uiigen/epc.go:241.3,241.64 1 0
github.com/iomz/go-llrp/cmd/uiigen/epc.go:243.2,247.14 3 1
github.com/iomz/go-llrp/cmd/uiigen/epc.go:247.14,248.9 1 1
github.com/iomz/go-llrp/cmd/uiigen/epc.go:248.9,250.4 1 1
github.com/iomz/go-llrp/cmd/uiigen/epc.go:252.2,255.15 2 1
github.com/iomz/go-llrp/cmd/uiigen/epc.go:255.15,256.9 1 1
github.com/iomz/go-llrp/cmd/uiigen/epc.go:256.9,258.4 1 1
github.com/iomz/go-llrp/cmd/uiigen/epc.go:260.2,263.8 2 1
github.com/iomz/go-llrp/cmd/uiigen/epc.go:263.8,265.3 1 1
github.com/iomz/go-llrp/cmd/uiigen/epc.go:267.2,272.19 5 1
github.com/iomz/go-llrp/cmd/uiigen/epc.go:272.19,274.3 1 0
github.com/iomz/go-llrp/cmd/uiigen/epc.go:276.2,277.16 2 1
github.com/iomz/go-llrp/cmd/uiigen/epc.go:277.16,279.3 1 0
github.com/iomz/go-llrp/cmd/uiigen/epc.go:281.2,296.42 2 1
github.com/iomz/go-llrp/cmd/uiigen/epc.go:300.104,303.14 2 1
github.com/iomz/go-llrp/cmd/uiigen/epc.go:303.14,304.9 1 1
github.com/iomz/go-llrp/cmd/uiigen/epc.go:304.9,306.4 1 1
github.com/iomz/go-llrp/cmd/uiigen/epc.go:307.3,307.64 1 0
github.com/iomz/go-llrp/cmd/uiigen/epc.go:309.2,313.14 3 1
github.com/iomz/go-llrp/cmd/uiigen/epc.go:313.14,314.9 1 1
github.com/iomz/go-llrp/cmd/uiigen/epc.go:314.9,316.4 1 1
github.com/iomz/go-llrp/cmd/uiigen/epc.go:318.2,321.15 2 1
github.com/iomz/go-llrp/cmd/uiigen/epc.go:321.15,322.9 1 1
github.com/iomz/go-llrp/cmd/uiigen/epc.go:322.9,324.4 1 1
github.com/iomz/go-llrp/cmd/uiigen/epc.go:326.2,329.8 2 1
github.com/iomz/go-llrp/cmd/uiigen/epc.go:329.8,331.3 1 1
github.com/iomz/go-llrp/cmd/uiigen/epc.go:333.2,338.19 5 1
github.com/iomz/go-llrp/cmd/uiigen/epc.go:338.19,340.3 1 0
github.com/iomz/go-llrp/cmd/uiigen/epc.go:342.2,343.16 2 1
github.com/iomz/go-llrp/cmd/uiigen/epc.go:343.16,345.3 1 0
github.com/iomz/go-llrp/cmd/uiigen/epc.go:347.2,362.43 2 1
github.com/iomz/go-llrp/cmd/uiigen/epc.go:366.92,369.14 2 1
github.com/iomz/go-llrp/cmd/uiigen/epc.go:369.14,370.9 1 1
github.com/iomz/go-llrp/cmd/uiigen/epc.go:370.9,372.4 1 1
github.com/iomz/go-llrp/cmd/uiigen/epc.go:373.3,373.64 1 0
github.com/iomz/go-llrp/cmd/uiigen/epc.go:375.2,379.15 3 1
github.com/iomz/go-llrp/cmd/uiigen/epc.go:379.15,380.9 1 1
github.com/iomz/go-llrp/cmd/uiigen/epc.go:380.9,382.4 1 1
github.com/iomz/go-llrp/cmd/uiigen/epc.go:384.2,387.8 2 1
github.com/iomz/go-llrp/cmd/uiigen/epc.go:387.8,389.3 1 1
github.com/iomz/go-llrp/cmd/uiigen/epc.go:392.2,399.19 6 1
github.com/iomz/go-llrp/cmd/uiigen/epc.go:399.19,401.3 1 0
github.com/iomz/go-llrp/cmd/uiigen/epc.go:403.2,404.16 2 1
github.com/iomz/go-llrp/cmd/uiigen/epc.go:404.16,406.3 1 0
github.com/iomz/go-llrp/cmd/uiigen/epc.go:408.2,423.42 2 1
github.com/iomz/go-llrp/cmd/uiigen/iso.go:13.43,14.19 1 1
github.com/iomz/go-llrp/cmd/uiigen/iso.go:14.19,16.3 1 0
github.com/iomz/go-llrp/cmd/uiigen/iso.go:17.2,20.26 4 1
github.com/iomz/go-llrp/cmd/uiigen/iso.go:20.26,23.3 2 1
github.com/iomz/go-llrp/cmd/uiigen/iso.go:24.2,24.42 1 1
github.com/iomz/go-llrp/cmd/uiigen/iso.go:28.99,33.14 3 1
github.com/iomz/go-llrp/cmd/uiigen/iso.go:33.14,34.9 1 1
github.com/iomz/go-llrp/cmd/uiigen/iso.go:34.9,36.4 1 1
github.com/iomz/go-llrp/cmd/uiigen/iso.go:37.3,37.48 1 0
github.com/iomz/go-llrp/cmd/uiigen/iso.go:39.2,42.14 2 1
github.com/iomz/go-llrp/cmd/uiigen/iso.go:42.14,43.9 1 1
github.com/iomz/go-llrp/cmd/uiigen/iso.go:43.9,45.4 1 1
github.com/iomz/go-llrp/cmd/uiigen/iso.go:46.3,46.11 1 0
github.com/iomz/go-llrp/cmd/uiigen/iso.go:48.2,51.15 2 1
github.com/iomz/go-llrp/cmd/uiigen/iso.go:51.15,52.9 1 1
github.com/iomz/go-llrp/cmd/uiigen/iso.go:52.9,54.4 1 1
github.com/iomz/go-llrp/cmd/uiigen/iso.go:55.3,55.46 1 0
github.com/iomz/go-llrp/cmd/uiigen/iso.go:56.8,56.25 1 1
github.com/iomz/go-llrp/cmd/uiigen/iso.go:56.25,59.3 2 0
github.com/iomz/go-llrp/cmd/uiigen/iso.go:59.8,59.25 1 1
github.com/iomz/go-llrp/cmd/uiigen/iso.go:59.25,61.3 1 0
github.com/iomz/go-llrp/cmd/uiigen/iso.go:62.2,63.16 2 1
github.com/iomz/go-llrp/cmd/uiigen/iso.go:63.16,65.3 1 0
github.com/iomz/go-llrp/cmd/uiigen/iso.go:66.2,69.8 2 1
github.com/iomz/go-llrp/cmd/uiigen/iso.go:69.8,71.3 1 1
github.com/iomz/go-llrp/cmd/uiigen/iso.go:73.2,81.16 7 1
github.com/iomz/go-llrp/cmd/uiigen/iso.go:81.16,83.3 1 0
github.com/iomz/go-llrp/cmd/uiigen/iso.go:85.2,87.52 2 1
github.com/iomz/go-llrp/cmd/uiigen/iso.go:91.111,95.15 2 1
github.com/iomz/go-llrp/cmd/uiigen/iso.go:95.15,96.9 1 1
github.com/iomz/go-llrp/cmd/uiigen/iso.go:96.9,98.4 1 1
github.com/iomz/go-llrp/cmd/uiigen/iso.go:99.3,99.61 1 0
github.com/iomz/go-llrp/cmd/uiigen/iso.go:101.2,104.15 2 1
github.com/iomz/go-llrp/cmd/uiigen/iso.go:104.15,105.9 1 1
github.com/iomz/go-llrp/cmd/uiigen/iso.go:105.9,107.4 1 1
github.com/iomz/go-llrp/cmd/uiigen/iso.go:108.3,108.61 1 0
github.com/iomz/go-llrp/cmd/uiigen/iso.go:110.2,113.14 2 1
github.com/iomz/go-llrp/cmd/uiigen/iso.go:113.14,114.9 1 1
github.com/iomz/go-llrp/cmd/uiigen/iso.go:114.9,116.4 1 1
github.com/iomz/go-llrp/cmd/uiigen/iso.go:117.3,117.44 1 0
github.com/iomz/go-llrp/cmd/uiigen/iso.go:119.2,122.8 2 1
github.com/iomz/go-llrp/cmd/uiigen/iso.go:122.8,124.3 1 1
github.com/iomz/go-llrp/cmd/uiigen/iso.go:126.2,134.16 7 1
github.com/iomz/go-llrp/cmd/uiigen/iso.go:134.16,136.3 1 0
github.com/iomz/go-llrp/cmd/uiigen/iso.go:138.2,140.52 2 1
github.com/iomz/go-llrp/cmd/uiigen/iso.go:146.56,150.20 4 1
github.com/iomz/go-llrp/cmd/uiigen/iso.go:150.20,152.37 2 1
github.com/iomz/go-llrp/cmd/uiigen/iso.go:152.37,154.4 1 1
github.com/iomz/go-llrp/cmd/uiigen/iso.go:155.3,156.27 2 1
github.com/iomz/go-llrp/cmd/uiigen/iso.go:158.2,158.19 1 1
github.com/iomz/go-llrp/cmd/uiigen/main.go:50.57,51.25 1 0
github.com/iomz/go-llrp/cmd/uiigen/main.go:51.25,52.13 1 0
github.com/iomz/go-llrp/cmd/uiigen/main.go:52.13,54.4 1 0
github.com/iomz/go-llrp/cmd/uiigen/main.go:56.2,56.14 1 0
github.com/iomz/go-llrp/cmd/uiigen/main.go:60.131,65.29 4 0
github.com/iomz/go-llrp/cmd/uiigen/main.go:66.17,67.48 1 0
github.com/iomz/go-llrp/cmd/uiigen/main.go:68.17,69.52 1 0
github.com/iomz/go-llrp/cmd/uiigen/main.go:70.18,71.53 1 0
github.com/iomz/go-llrp/cmd/uiigen/main.go:72.17,73.48 1 0
github.com/iomz/go-llrp/cmd/uiigen/main.go:77.2,77.8 1 0
github.com/iomz/go-llrp/cmd/uiigen/main.go:77.8,79.3 1 0
github.com/iomz/go-llrp/cmd/uiigen/main.go:82.2,89.38 3 0
github.com/iomz/go-llrp/cmd/uiigen/main.go:97.132,104.13 6 0
github.com/iomz/go-llrp/cmd/uiigen/main.go:105.15,108.30 3 0
github.com/iomz/go-llrp/cmd/uiigen/main.go:109.15,112.30 3 0
github.com/iomz/go-llrp/cmd/uiigen/main.go:116.2,116.8 1 0
github.com/iomz/go-llrp/cmd/uiigen/main.go:116.8,118.3 1 0
github.com/iomz/go-llrp/cmd/uiigen/main.go:120.2,122.38 2 0
github.com/iomz/go-llrp/cmd/uiigen/main.go:133.47,136.16 3 0
github.com/iomz/go-llrp/cmd/uiigen/main.go:136.16,137.13 1 0
github.com/iomz/go-llrp/cmd/uiigen/main.go:139.2,143.4 2 0
github.com/iomz/go-llrp/cmd/uiigen/main.go:146.13,151.15 4 0
github.com/iomz/go-llrp/cmd/uiigen/main.go:152.25,153.169 1 0
github.com/iomz/go-llrp/cmd/uiigen/main.go:154.30,155.208 1 0
github.com/iomz/go-llrp/cmd/uiigen/main.go:156.30,157.208 1 0
github.com/iomz/go-llrp/cmd/uiigen/main.go:159.2,159.18 1 0
github.com/iomz/go-llrp/cmd/uiigen/main.go:159.18,160.33 1 0
github.com/iomz/go-llrp/cmd/uiigen/main.go:160.33,163.4 2 0
github.com/iomz/go-llrp/cmd/uiigen/main.go:163.9,163.22 1 0
github.com/iomz/go-llrp/cmd/uiigen/main.go:163.22,167.4 3 0
github.com/iomz/go-llrp/cmd/uiigen/main.go:167.9,169.4 1 0
